Arguments: 
  D:\program files\node.exe C:\Program Files (x86)\Yarn\bin\yarn.js add exspress dotenv colors morgan

PATH: 
  C:\Program Files (x86)\Common Files\Oracle\Java\javapath;C:\Windows\system32;C:\Windows;C:\Windows\System32\Wbem;C:\Windows\System32\WindowsPowerShell\v1.0\;C:\Windows\System32\OpenSSH\;C:\Program Files (x86)\ATI Technologies\ATI.ACE\Core-Static;C:\Program Files\Microsoft VS Code\bin;D:\program files\;C:\xampp\php;C:\ProgramData\ComposerSetup\bin;C:\Program Files\PuTTY\;C:\Program Files\Java\jdk1.8.0_231\bin;C:\Program Files (x86)\Yarn\bin\;C:\Program Files\dotnet\;C:\Program Files\Git\cmd;C:\Users\Sky-Lantern\AppData\Local\Programs\Python\Python37\Scripts\;C:\Users\Sky-Lantern\AppData\Local\Programs\Python\Python37\;C:\Users\Sky-Lantern\AppData\Local\Microsoft\WindowsApps;C:\Users\Sky-Lantern\AppData\Local\GitHubDesktop\bin;C:\Users\Sky-Lantern\AppData\Roaming\npm;C:\Users\Sky-Lantern\AppData\Roaming\Composer\vendor\bin;C:\Program Files\Java\jdk1.8.0_231;D:\program files\android\Sdk\platform-tools;C:\Users\Sky-Lantern\AppData\Local\Yarn\bin;C:\Users\Sky-Lantern\.dotnet\tools

Yarn version: 
  1.22.4

Node version: 
  12.16.1

Platform: 
  win32 x64

Trace: 
  Error: https://registry.yarnpkg.com/exspress: Not found
      at Request.params.callback [as _callback] (C:\Program Files (x86)\Yarn\lib\cli.js:66096:18)
      at Request.self.callback (C:\Program Files (x86)\Yarn\lib\cli.js:140748:22)
      at Request.emit (events.js:311:20)
      at Request.<anonymous> (C:\Program Files (x86)\Yarn\lib\cli.js:141720:10)
      at Request.emit (events.js:311:20)
      at IncomingMessage.<anonymous> (C:\Program Files (x86)\Yarn\lib\cli.js:141642:12)
      at Object.onceWrapper (events.js:417:28)
      at IncomingMessage.emit (events.js:323:22)
      at endReadableNT (_stream_readable.js:1204:12)
      at processTicksAndRejections (internal/process/task_queues.js:84:21)

npm manifest: 
  {
    "name": "exspsense-tracker-mern",
    "version": "1.0.0",
    "description": "exspense tracker mern stack",
    "main": "index.js",
    "repository": "https://github.com/RansomBroker/exspense-tracker-mern.git",
    "author": "RansomBroker",
    "license": "MIT"
  }

yarn manifest: 
  No manifest

Lockfile: 
  No lockfile
